<?xml version="1.0" encoding="UTF-8"?>
<testsuite xmlns:xsi="http://www.w3.org/2001/XMLSchema-instance" xsi:noNamespaceSchemaLocation="https://maven.apache.org/surefire/maven-surefire-plugin/xsd/surefire-test-report-3.0.xsd" version="3.0" name="br.com.caduartioli.ProdutoTest" time="0.652" tests="1" errors="0" skipped="0" failures="0">
  <properties>
    <property name="sun.desktop" value="windows"/>
    <property name="awt.toolkit" value="sun.awt.windows.WToolkit"/>
    <property name="java.specification.version" value="11"/>
    <property name="sun.cpu.isalist" value="amd64"/>
    <property name="sun.jnu.encoding" value="Cp1252"/>
    <property name="test.url" value="http://localhost:8081"/>
    <property name="java.class.path" value="C:\Users\artio\Documents\Develop\Java\quarkus\meu-primeiro-crud\target\test-classes;C:\Users\artio\Documents\Develop\Java\quarkus\meu-primeiro-crud\target\classes;C:\Users\artio\.m2\repository\io\quarkus\quarkus-arc\2.2.3.Final\quarkus-arc-2.2.3.Final.jar;C:\Users\artio\.m2\repository\io\quarkus\arc\arc\2.2.3.Final\arc-2.2.3.Final.jar;C:\Users\artio\.m2\repository\jakarta\enterprise\jakarta.enterprise.cdi-api\2.0.2\jakarta.enterprise.cdi-api-2.0.2.jar;C:\Users\artio\.m2\repository\jakarta\el\jakarta.el-api\3.0.3\jakarta.el-api-3.0.3.jar;C:\Users\artio\.m2\repository\jakarta\interceptor\jakarta.interceptor-api\1.2.5\jakarta.interceptor-api-1.2.5.jar;C:\Users\artio\.m2\repository\jakarta\annotation\jakarta.annotation-api\1.3.5\jakarta.annotation-api-1.3.5.jar;C:\Users\artio\.m2\repository\jakarta\transaction\jakarta.transaction-api\1.3.3\jakarta.transaction-api-1.3.3.jar;C:\Users\artio\.m2\repository\org\jboss\logging\jboss-logging\3.4.2.Final\jboss-logging-3.4.2.Final.jar;C:\Users\artio\.m2\repository\io\quarkus\quarkus-core\2.2.3.Final\quarkus-core-2.2.3.Final.jar;C:\Users\artio\.m2\repository\jakarta\inject\jakarta.inject-api\1.0\jakarta.inject-api-1.0.jar;C:\Users\artio\.m2\repository\io\quarkus\quarkus-ide-launcher\2.2.3.Final\quarkus-ide-launcher-2.2.3.Final.jar;C:\Users\artio\.m2\repository\io\quarkus\quarkus-development-mode-spi\2.2.3.Final\quarkus-development-mode-spi-2.2.3.Final.jar;C:\Users\artio\.m2\repository\io\smallrye\config\smallrye-config\2.4.4\smallrye-config-2.4.4.jar;C:\Users\artio\.m2\repository\io\smallrye\config\smallrye-config-core\2.4.4\smallrye-config-core-2.4.4.jar;C:\Users\artio\.m2\repository\io\smallrye\common\smallrye-common-annotation\1.6.0\smallrye-common-annotation-1.6.0.jar;C:\Users\artio\.m2\repository\io\smallrye\common\smallrye-common-expression\1.6.0\smallrye-common-expression-1.6.0.jar;C:\Users\artio\.m2\repository\io\smallrye\common\smallrye-common-function\1.6.0\smallrye-common-function-1.6.0.jar;C:\Users\artio\.m2\repository\io\smallrye\common\smallrye-common-constraint\1.6.0\smallrye-common-constraint-1.6.0.jar;C:\Users\artio\.m2\repository\io\smallrye\common\smallrye-common-classloader\1.6.0\smallrye-common-classloader-1.6.0.jar;C:\Users\artio\.m2\repository\io\smallrye\config\smallrye-config-common\2.4.4\smallrye-config-common-2.4.4.jar;C:\Users\artio\.m2\repository\org\jboss\logmanager\jboss-logmanager-embedded\1.0.9\jboss-logmanager-embedded-1.0.9.jar;C:\Users\artio\.m2\repository\org\jboss\logging\jboss-logging-annotations\2.2.1.Final\jboss-logging-annotations-2.2.1.Final.jar;C:\Users\artio\.m2\repository\org\jboss\threads\jboss-threads\3.4.2.Final\jboss-threads-3.4.2.Final.jar;C:\Users\artio\.m2\repository\org\slf4j\slf4j-api\1.7.30\slf4j-api-1.7.30.jar;C:\Users\artio\.m2\repository\org\jboss\slf4j\slf4j-jboss-logmanager\1.1.0.Final\slf4j-jboss-logmanager-1.1.0.Final.jar;C:\Users\artio\.m2\repository\org\graalvm\sdk\graal-sdk\21.2.0\graal-sdk-21.2.0.jar;C:\Users\artio\.m2\repository\org\wildfly\common\wildfly-common\1.5.4.Final-format-001\wildfly-common-1.5.4.Final-format-001.jar;C:\Users\artio\.m2\repository\io\quarkus\quarkus-bootstrap-runner\2.2.3.Final\quarkus-bootstrap-runner-2.2.3.Final.jar;C:\Users\artio\.m2\repository\org\eclipse\microprofile\context-propagation\microprofile-context-propagation-api\1.2\microprofile-context-propagation-api-1.2.jar;C:\Users\artio\.m2\repository\io\quarkus\quarkus-resteasy\2.2.3.Final\quarkus-resteasy-2.2.3.Final.jar;C:\Users\artio\.m2\repository\io\quarkus\quarkus-vertx-http\2.2.3.Final\quarkus-vertx-http-2.2.3.Final.jar;C:\Users\artio\.m2\repository\io\quarkus\quarkus-security-runtime-spi\2.2.3.Final\quarkus-security-runtime-spi-2.2.3.Final.jar;C:\Users\artio\.m2\repository\io\quarkus\quarkus-mutiny\2.2.3.Final\quarkus-mutiny-2.2.3.Final.jar;C:\Users\artio\.m2\repository\io\smallrye\reactive\mutiny\1.0.0\mutiny-1.0.0.jar;C:\Users\artio\.m2\repository\org\reactivestreams\reactive-streams\1.0.3\reactive-streams-1.0.3.jar;C:\Users\artio\.m2\repository\io\quarkus\quarkus-smallrye-context-propagation\2.2.3.Final\quarkus-smallrye-context-propagation-2.2.3.Final.jar;C:\Users\artio\.m2\repository\io\smallrye\smallrye-context-propagation\1.2.0\smallrye-context-propagation-1.2.0.jar;C:\Users\artio\.m2\repository\io\smallrye\smallrye-context-propagation-api\1.2.0\smallrye-context-propagation-api-1.2.0.jar;C:\Users\artio\.m2\repository\io\smallrye\smallrye-context-propagation-storage\1.2.0\smallrye-context-propagation-storage-1.2.0.jar;C:\Users\artio\.m2\repository\io\smallrye\reactive\mutiny-smallrye-context-propagation\1.0.0\mutiny-smallrye-context-propagation-1.0.0.jar;C:\Users\artio\.m2\repository\io\quarkus\quarkus-vertx-http-dev-console-runtime-spi\2.2.3.Final\quarkus-vertx-http-dev-console-runtime-spi-2.2.3.Final.jar;C:\Users\artio\.m2\repository\io\quarkus\security\quarkus-security\1.1.4.Final\quarkus-security-1.1.4.Final.jar;C:\Users\artio\.m2\repository\io\quarkus\quarkus-vertx-core\2.2.3.Final\quarkus-vertx-core-2.2.3.Final.jar;C:\Users\artio\.m2\repository\io\quarkus\quarkus-netty\2.2.3.Final\quarkus-netty-2.2.3.Final.jar;C:\Users\artio\.m2\repository\io\netty\netty-codec\4.1.67.Final\netty-codec-4.1.67.Final.jar;C:\Users\artio\.m2\repository\io\netty\netty-codec-http\4.1.67.Final\netty-codec-http-4.1.67.Final.jar;C:\Users\artio\.m2\repository\io\netty\netty-codec-http2\4.1.67.Final\netty-codec-http2-4.1.67.Final.jar;C:\Users\artio\.m2\repository\io\netty\netty-handler\4.1.67.Final\netty-handler-4.1.67.Final.jar;C:\Users\artio\.m2\repository\io\netty\netty-codec-haproxy\4.1.67.Final\netty-codec-haproxy-4.1.67.Final.jar;C:\Users\artio\.m2\repository\io\netty\netty-buffer\4.1.67.Final\netty-buffer-4.1.67.Final.jar;C:\Users\artio\.m2\repository\io\netty\netty-transport\4.1.67.Final\netty-transport-4.1.67.Final.jar;C:\Users\artio\.m2\repository\io\vertx\vertx-core\4.1.3\vertx-core-4.1.3.jar;C:\Users\artio\.m2\repository\io\netty\netty-common\4.1.67.Final\netty-common-4.1.67.Final.jar;C:\Users\artio\.m2\repository\io\netty\netty-handler-proxy\4.1.67.Final\netty-handler-proxy-4.1.67.Final.jar;C:\Users\artio\.m2\repository\io\netty\netty-codec-socks\4.1.67.Final\netty-codec-socks-4.1.67.Final.jar;C:\Users\artio\.m2\repository\io\netty\netty-resolver\4.1.67.Final\netty-resolver-4.1.67.Final.jar;C:\Users\artio\.m2\repository\io\netty\netty-resolver-dns\4.1.67.Final\netty-resolver-dns-4.1.67.Final.jar;C:\Users\artio\.m2\repository\io\netty\netty-codec-dns\4.1.67.Final\netty-codec-dns-4.1.67.Final.jar;C:\Users\artio\.m2\repository\io\vertx\vertx-web\4.1.3\vertx-web-4.1.3.jar;C:\Users\artio\.m2\repository\io\vertx\vertx-web-common\4.1.3\vertx-web-common-4.1.3.jar;C:\Users\artio\.m2\repository\io\vertx\vertx-auth-common\4.1.3\vertx-auth-common-4.1.3.jar;C:\Users\artio\.m2\repository\io\vertx\vertx-bridge-common\4.1.3\vertx-bridge-common-4.1.3.jar;C:\Users\artio\.m2\repository\io\quarkus\quarkus-resteasy-server-common\2.2.3.Final\quarkus-resteasy-server-common-2.2.3.Final.jar;C:\Users\artio\.m2\repository\io\quarkus\quarkus-resteasy-common\2.2.3.Final\quarkus-resteasy-common-2.2.3.Final.jar;C:\Users\artio\.m2\repository\org\jboss\resteasy\resteasy-core\4.7.0.Final\resteasy-core-4.7.0.Final.jar;C:\Users\artio\.m2\repository\org\jboss\spec\javax\ws\rs\jboss-jaxrs-api_2.1_spec\2.0.1.Final\jboss-jaxrs-api_2.1_spec-2.0.1.Final.jar;C:\Users\artio\.m2\repository\org\jboss\resteasy\resteasy-core-spi\4.7.0.Final\resteasy-core-spi-4.7.0.Final.jar;C:\Users\artio\.m2\repository\com\ibm\async\asyncutil\0.1.0\asyncutil-0.1.0.jar;C:\Users\artio\.m2\repository\com\sun\activation\jakarta.activation\1.2.1\jakarta.activation-1.2.1.jar;C:\Users\artio\.m2\repository\jakarta\validation\jakarta.validation-api\2.0.2\jakarta.validation-api-2.0.2.jar;C:\Users\artio\.m2\repository\io\quarkus\quarkus-smallrye-openapi\2.2.3.Final\quarkus-smallrye-openapi-2.2.3.Final.jar;C:\Users\artio\.m2\repository\io\smallrye\smallrye-open-api-core\2.1.10\smallrye-open-api-core-2.1.10.jar;C:\Users\artio\.m2\repository\org\eclipse\microprofile\openapi\microprofile-openapi-api\2.0.1-RC1\microprofile-openapi-api-2.0.1-RC1.jar;C:\Users\artio\.m2\repository\org\eclipse\microprofile\config\microprofile-config-api\2.0\microprofile-config-api-2.0.jar;C:\Users\artio\.m2\repository\com\fasterxml\jackson\core\jackson-core\2.12.4\jackson-core-2.12.4.jar;C:\Users\artio\.m2\repository\com\fasterxml\jackson\core\jackson-databind\2.12.4\jackson-databind-2.12.4.jar;C:\Users\artio\.m2\repository\com\fasterxml\jackson\core\jackson-annotations\2.12.4\jackson-annotations-2.12.4.jar;C:\Users\artio\.m2\repository\com\fasterxml\jackson\dataformat\jackson-dataformat-yaml\2.12.4\jackson-dataformat-yaml-2.12.4.jar;C:\Users\artio\.m2\repository\org\jboss\jandex\2.3.1.Final\jandex-2.3.1.Final.jar;C:\Users\artio\.m2\repository\io\quarkus\quarkus-swagger-ui\2.2.3.Final\quarkus-swagger-ui-2.2.3.Final.jar;C:\Users\artio\.m2\repository\io\quarkus\quarkus-hibernate-orm-panache\2.2.3.Final\quarkus-hibernate-orm-panache-2.2.3.Final.jar;C:\Users\artio\.m2\repository\io\quarkus\quarkus-hibernate-orm\2.2.3.Final\quarkus-hibernate-orm-2.2.3.Final.jar;C:\Users\artio\.m2\repository\io\quarkus\quarkus-agroal\2.2.3.Final\quarkus-agroal-2.2.3.Final.jar;C:\Users\artio\.m2\repository\io\quarkus\quarkus-datasource\2.2.3.Final\quarkus-datasource-2.2.3.Final.jar;C:\Users\artio\.m2\repository\io\quarkus\quarkus-datasource-common\2.2.3.Final\quarkus-datasource-common-2.2.3.Final.jar;C:\Users\artio\.m2\repository\org\jboss\narayana\jta\narayana-jta\5.12.0.Final\narayana-jta-5.12.0.Final.jar;C:\Users\artio\.m2\repository\org\jboss\jboss-transaction-spi\7.6.0.Final\jboss-transaction-spi-7.6.0.Final.jar;C:\Users\artio\.m2\repository\org\jboss\spec\javax\resource\jboss-connector-api_1.7_spec\1.0.0.Final\jboss-connector-api_1.7_spec-1.0.0.Final.jar;C:\Users\artio\.m2\repository\org\jboss\narayana\jts\narayana-jts-integration\5.12.0.Final\narayana-jts-integration-5.12.0.Final.jar;C:\Users\artio\.m2\repository\io\agroal\agroal-api\1.12\agroal-api-1.12.jar;C:\Users\artio\.m2\repository\io\agroal\agroal-narayana\1.12\agroal-narayana-1.12.jar;C:\Users\artio\.m2\repository\io\agroal\agroal-pool\1.12\agroal-pool-1.12.jar;C:\Users\artio\.m2\repository\io\quarkus\quarkus-credentials\2.2.3.Final\quarkus-credentials-2.2.3.Final.jar;C:\Users\artio\.m2\repository\io\quarkus\quarkus-narayana-jta\2.2.3.Final\quarkus-narayana-jta-2.2.3.Final.jar;C:\Users\artio\.m2\repository\io\smallrye\smallrye-context-propagation-jta\1.2.0\smallrye-context-propagation-jta-1.2.0.jar;C:\Users\artio\.m2\repository\io\smallrye\reactive\smallrye-reactive-converter-api\2.6.0\smallrye-reactive-converter-api-2.6.0.jar;C:\Users\artio\.m2\repository\io\smallrye\reactive\smallrye-reactive-converter-mutiny\2.6.0\smallrye-reactive-converter-mutiny-2.6.0.jar;C:\Users\artio\.m2\repository\org\hibernate\hibernate-core\5.5.7.Final\hibernate-core-5.5.7.Final.jar;C:\Users\artio\.m2\repository\net\bytebuddy\byte-buddy\1.11.12\byte-buddy-1.11.12.jar;C:\Users\artio\.m2\repository\antlr\antlr\2.7.7\antlr-2.7.7.jar;C:\Users\artio\.m2\repository\com\fasterxml\classmate\1.5.1\classmate-1.5.1.jar;C:\Users\artio\.m2\repository\org\hibernate\common\hibernate-commons-annotations\5.1.2.Final\hibernate-commons-annotations-5.1.2.Final.jar;C:\Users\artio\.m2\repository\org\hibernate\hibernate-graalvm\5.5.7.Final\hibernate-graalvm-5.5.7.Final.jar;C:\Users\artio\.m2\repository\org\glassfish\jaxb\jaxb-runtime\2.3.3-b02\jaxb-runtime-2.3.3-b02.jar;C:\Users\artio\.m2\repository\org\glassfish\jaxb\txw2\2.3.3-b02\txw2-2.3.3-b02.jar;C:\Users\artio\.m2\repository\com\sun\istack\istack-commons-runtime\3.0.10\istack-commons-runtime-3.0.10.jar;C:\Users\artio\.m2\repository\org\jboss\spec\javax\xml\bind\jboss-jaxb-api_2.3_spec\2.0.0.Final\jboss-jaxb-api_2.3_spec-2.0.0.Final.jar;C:\Users\artio\.m2\repository\jakarta\persistence\jakarta.persistence-api\2.2.3\jakarta.persistence-api-2.2.3.jar;C:\Users\artio\.m2\repository\org\hibernate\quarkus-local-cache\0.1.0\quarkus-local-cache-0.1.0.jar;C:\Users\artio\.m2\repository\com\github\ben-manes\caffeine\caffeine\2.9.2\caffeine-2.9.2.jar;C:\Users\artio\.m2\repository\com\google\errorprone\error_prone_annotations\2.2.0\error_prone_annotations-2.2.0.jar;C:\Users\artio\.m2\repository\io\quarkus\quarkus-caffeine\2.2.3.Final\quarkus-caffeine-2.2.3.Final.jar;C:\Users\artio\.m2\repository\io\quarkus\quarkus-hibernate-orm-panache-common\2.2.3.Final\quarkus-hibernate-orm-panache-common-2.2.3.Final.jar;C:\Users\artio\.m2\repository\io\quarkus\quarkus-panache-hibernate-common\2.2.3.Final\quarkus-panache-hibernate-common-2.2.3.Final.jar;C:\Users\artio\.m2\repository\io\quarkus\quarkus-panache-common\2.2.3.Final\quarkus-panache-common-2.2.3.Final.jar;C:\Users\artio\.m2\repository\io\quarkus\quarkus-jdbc-mysql\2.2.3.Final\quarkus-jdbc-mysql-2.2.3.Final.jar;C:\Users\artio\.m2\repository\mysql\mysql-connector-java\8.0.26\mysql-connector-java-8.0.26.jar;C:\Users\artio\.m2\repository\io\quarkus\quarkus-resteasy-jsonb\2.2.3.Final\quarkus-resteasy-jsonb-2.2.3.Final.jar;C:\Users\artio\.m2\repository\io\quarkus\quarkus-jsonb\2.2.3.Final\quarkus-jsonb-2.2.3.Final.jar;C:\Users\artio\.m2\repository\org\eclipse\yasson\1.0.9\yasson-1.0.9.jar;C:\Users\artio\.m2\repository\io\quarkus\quarkus-jsonp\2.2.3.Final\quarkus-jsonp-2.2.3.Final.jar;C:\Users\artio\.m2\repository\org\jboss\resteasy\resteasy-json-binding-provider\4.7.0.Final\resteasy-json-binding-provider-4.7.0.Final.jar;C:\Users\artio\.m2\repository\org\glassfish\jakarta.json\1.1.6\jakarta.json-1.1.6.jar;C:\Users\artio\.m2\repository\jakarta\json\bind\jakarta.json.bind-api\1.0.2\jakarta.json.bind-api-1.0.2.jar;C:\Users\artio\.m2\repository\org\jboss\resteasy\resteasy-json-p-provider\4.7.0.Final\resteasy-json-p-provider-4.7.0.Final.jar;C:\Users\artio\.m2\repository\commons-io\commons-io\2.11.0\commons-io-2.11.0.jar;C:\Users\artio\.m2\repository\io\quarkus\quarkus-junit5\2.2.3.Final\quarkus-junit5-2.2.3.Final.jar;C:\Users\artio\.m2\repository\io\quarkus\quarkus-bootstrap-core\2.2.3.Final\quarkus-bootstrap-core-2.2.3.Final.jar;C:\Users\artio\.m2\repository\io\quarkus\quarkus-bootstrap-app-model\2.2.3.Final\quarkus-bootstrap-app-model-2.2.3.Final.jar;C:\Users\artio\.m2\repository\io\quarkus\quarkus-bootstrap-maven-resolver\2.2.3.Final\quarkus-bootstrap-maven-resolver-2.2.3.Final.jar;C:\Users\artio\.m2\repository\org\apache\maven\maven-embedder\3.8.1\maven-embedder-3.8.1.jar;C:\Users\artio\.m2\repository\org\apache\maven\maven-settings\3.8.1\maven-settings-3.8.1.jar;C:\Users\artio\.m2\repository\org\apache\maven\maven-core\3.8.1\maven-core-3.8.1.jar;C:\Users\artio\.m2\repository\org\apache\maven\maven-artifact\3.8.1\maven-artifact-3.8.1.jar;C:\Users\artio\.m2\repository\org\codehaus\plexus\plexus-component-annotations\2.1.0\plexus-component-annotations-2.1.0.jar;C:\Users\artio\.m2\repository\org\apache\maven\maven-plugin-api\3.8.1\maven-plugin-api-3.8.1.jar;C:\Users\artio\.m2\repository\org\apache\maven\maven-model\3.8.1\maven-model-3.8.1.jar;C:\Users\artio\.m2\repository\org\apache\maven\maven-model-builder\3.8.1\maven-model-builder-3.8.1.jar;C:\Users\artio\.m2\repository\org\apache\maven\maven-builder-support\3.8.1\maven-builder-support-3.8.1.jar;C:\Users\artio\.m2\repository\org\apache\maven\resolver\maven-resolver-api\1.6.2\maven-resolver-api-1.6.2.jar;C:\Users\artio\.m2\repository\org\apache\maven\resolver\maven-resolver-util\1.6.2\maven-resolver-util-1.6.2.jar;C:\Users\artio\.m2\repository\org\apache\maven\shared\maven-shared-utils\3.3.3\maven-shared-utils-3.3.3.jar;C:\Users\artio\.m2\repository\com\google\inject\guice\4.2.1\guice-4.2.1-no_aop.jar;C:\Users\artio\.m2\repository\com\google\guava\guava\30.1.1-jre\guava-30.1.1-jre.jar;C:\Users\artio\.m2\repository\com\google\guava\failureaccess\1.0.1\failureaccess-1.0.1.jar;C:\Users\artio\.m2\repository\com\google\guava\listenablefuture\9999.0-empty-to-avoid-conflict-with-guava\listenablefuture-9999.0-empty-to-avoid-conflict-with-guava.jar;C:\Users\artio\.m2\repository\org\codehaus\plexus\plexus-utils\3.2.1\plexus-utils-3.2.1.jar;C:\Users\artio\.m2\repository\org\codehaus\plexus\plexus-classworlds\2.6.0\plexus-classworlds-2.6.0.jar;C:\Users\artio\.m2\repository\commons-cli\commons-cli\1.4\commons-cli-1.4.jar;C:\Users\artio\.m2\repository\org\eclipse\sisu\org.eclipse.sisu.plexus\0.3.4\org.eclipse.sisu.plexus-0.3.4.jar;C:\Users\artio\.m2\repository\org\apache\maven\maven-settings-builder\3.8.1\maven-settings-builder-3.8.1.jar;C:\Users\artio\.m2\repository\org\codehaus\plexus\plexus-interpolation\1.25\plexus-interpolation-1.25.jar;C:\Users\artio\.m2\repository\org\sonatype\plexus\plexus-sec-dispatcher\1.4\plexus-sec-dispatcher-1.4.jar;C:\Users\artio\.m2\repository\org\sonatype\plexus\plexus-cipher\1.4\plexus-cipher-1.4.jar;C:\Users\artio\.m2\repository\org\apache\maven\maven-resolver-provider\3.8.1\maven-resolver-provider-3.8.1.jar;C:\Users\artio\.m2\repository\org\apache\maven\maven-repository-metadata\3.8.1\maven-repository-metadata-3.8.1.jar;C:\Users\artio\.m2\repository\org\apache\maven\resolver\maven-resolver-spi\1.6.2\maven-resolver-spi-1.6.2.jar;C:\Users\artio\.m2\repository\org\apache\maven\resolver\maven-resolver-impl\1.6.2\maven-resolver-impl-1.6.2.jar;C:\Users\artio\.m2\repository\org\apache\maven\resolver\maven-resolver-connector-basic\1.6.2\maven-resolver-connector-basic-1.6.2.jar;C:\Users\artio\.m2\repository\org\apache\maven\resolver\maven-resolver-transport-wagon\1.6.2\maven-resolver-transport-wagon-1.6.2.jar;C:\Users\artio\.m2\repository\org\apache\maven\wagon\wagon-http\3.4.3\wagon-http-3.4.3.jar;C:\Users\artio\.m2\repository\org\apache\maven\wagon\wagon-http-shared\3.4.3\wagon-http-shared-3.4.3.jar;C:\Users\artio\.m2\repository\org\jsoup\jsoup\1.12.1\jsoup-1.12.1.jar;C:\Users\artio\.m2\repository\org\apache\maven\wagon\wagon-provider-api\3.4.3\wagon-provider-api-3.4.3.jar;C:\Users\artio\.m2\repository\org\apache\maven\wagon\wagon-file\3.4.3\wagon-file-3.4.3.jar;C:\Users\artio\.m2\repository\io\quarkus\quarkus-bootstrap-gradle-resolver\2.2.3.Final\quarkus-bootstrap-gradle-resolver-2.2.3.Final.jar;C:\Users\artio\.m2\repository\io\smallrye\common\smallrye-common-io\1.6.0\smallrye-common-io-1.6.0.jar;C:\Users\artio\.m2\repository\org\eclipse\sisu\org.eclipse.sisu.inject\0.3.4\org.eclipse.sisu.inject-0.3.4.jar;C:\Users\artio\.m2\repository\io\quarkus\quarkus-test-common\2.2.3.Final\quarkus-test-common-2.2.3.Final.jar;C:\Users\artio\.m2\repository\io\quarkus\quarkus-core-deployment\2.2.3.Final\quarkus-core-deployment-2.2.3.Final.jar;C:\Users\artio\.m2\repository\org\aesh\readline\2.1\readline-2.1.jar;C:\Users\artio\.m2\repository\org\fusesource\jansi\jansi\1.18\jansi-1.18.jar;C:\Users\artio\.m2\repository\io\quarkus\gizmo\gizmo\1.0.9.Final\gizmo-1.0.9.Final.jar;C:\Users\artio\.m2\repository\org\ow2\asm\asm-util\9.1\asm-util-9.1.jar;C:\Users\artio\.m2\repository\org\ow2\asm\asm-tree\9.1\asm-tree-9.1.jar;C:\Users\artio\.m2\repository\org\ow2\asm\asm-analysis\9.1\asm-analysis-9.1.jar;C:\Users\artio\.m2\repository\org\ow2\asm\asm\9.1\asm-9.1.jar;C:\Users\artio\.m2\repository\io\quarkus\quarkus-class-change-agent\2.2.3.Final\quarkus-class-change-agent-2.2.3.Final.jar;C:\Users\artio\.m2\repository\io\quarkus\quarkus-devtools-utilities\2.2.3.Final\quarkus-devtools-utilities-2.2.3.Final.jar;C:\Users\artio\.m2\repository\io\quarkus\quarkus-builder\2.2.3.Final\quarkus-builder-2.2.3.Final.jar;C:\Users\artio\.m2\repository\org\junit\platform\junit-platform-launcher\1.7.2\junit-platform-launcher-1.7.2.jar;C:\Users\artio\.m2\repository\io\quarkus\quarkus-jsonp-deployment\2.2.3.Final\quarkus-jsonp-deployment-2.2.3.Final.jar;C:\Users\artio\.m2\repository\org\jboss\logging\commons-logging-jboss-logging\1.0.0.Final\commons-logging-jboss-logging-1.0.0.Final.jar;C:\Users\artio\.m2\repository\org\junit\jupiter\junit-jupiter\5.7.2\junit-jupiter-5.7.2.jar;C:\Users\artio\.m2\repository\org\junit\jupiter\junit-jupiter-api\5.7.2\junit-jupiter-api-5.7.2.jar;C:\Users\artio\.m2\repository\org\apiguardian\apiguardian-api\1.1.0\apiguardian-api-1.1.0.jar;C:\Users\artio\.m2\repository\org\opentest4j\opentest4j\1.2.0\opentest4j-1.2.0.jar;C:\Users\artio\.m2\repository\org\junit\platform\junit-platform-commons\1.7.2\junit-platform-commons-1.7.2.jar;C:\Users\artio\.m2\repository\org\junit\jupiter\junit-jupiter-params\5.7.2\junit-jupiter-params-5.7.2.jar;C:\Users\artio\.m2\repository\org\junit\jupiter\junit-jupiter-engine\5.7.2\junit-jupiter-engine-5.7.2.jar;C:\Users\artio\.m2\repository\org\junit\platform\junit-platform-engine\1.7.2\junit-platform-engine-1.7.2.jar;C:\Users\artio\.m2\repository\com\thoughtworks\xstream\xstream\1.4.17\xstream-1.4.17.jar;C:\Users\artio\.m2\repository\io\github\x-stream\mxparser\1.2.1\mxparser-1.2.1.jar;C:\Users\artio\.m2\repository\xmlpull\xmlpull\1.1.3.1\xmlpull-1.1.3.1.jar;C:\Users\artio\.m2\repository\io\rest-assured\rest-assured\4.4.0\rest-assured-4.4.0.jar;C:\Users\artio\.m2\repository\org\codehaus\groovy\groovy\3.0.8\groovy-3.0.8.jar;C:\Users\artio\.m2\repository\org\codehaus\groovy\groovy-xml\3.0.8\groovy-xml-3.0.8.jar;C:\Users\artio\.m2\repository\org\apache\httpcomponents\httpclient\4.5.13\httpclient-4.5.13.jar;C:\Users\artio\.m2\repository\org\apache\httpcomponents\httpcore\4.4.14\httpcore-4.4.14.jar;C:\Users\artio\.m2\repository\commons-codec\commons-codec\1.15\commons-codec-1.15.jar;C:\Users\artio\.m2\repository\org\apache\httpcomponents\httpmime\4.5.13\httpmime-4.5.13.jar;C:\Users\artio\.m2\repository\org\hamcrest\hamcrest\2.1\hamcrest-2.1.jar;C:\Users\artio\.m2\repository\org\ccil\cowan\tagsoup\tagsoup\1.2.1\tagsoup-1.2.1.jar;C:\Users\artio\.m2\repository\io\rest-assured\json-path\4.4.0\json-path-4.4.0.jar;C:\Users\artio\.m2\repository\org\codehaus\groovy\groovy-json\3.0.8\groovy-json-3.0.8.jar;C:\Users\artio\.m2\repository\io\rest-assured\rest-assured-common\4.4.0\rest-assured-common-4.4.0.jar;C:\Users\artio\.m2\repository\io\rest-assured\xml-path\4.4.0\xml-path-4.4.0.jar;C:\Users\artio\.m2\repository\org\apache\commons\commons-lang3\3.12.0\commons-lang3-3.12.0.jar;C:\Users\artio\.m2\repository\jakarta\xml\bind\jakarta.xml.bind-api\2.3.3\jakarta.xml.bind-api-2.3.3.jar;C:\Users\artio\.m2\repository\com\sun\xml\bind\jaxb-impl\2.3.3\jaxb-impl-2.3.3.jar;C:\Users\artio\.m2\repository\org\testcontainers\mysql\1.16.0\mysql-1.16.0.jar;C:\Users\artio\.m2\repository\org\testcontainers\jdbc\1.15.3\jdbc-1.15.3.jar;C:\Users\artio\.m2\repository\org\testcontainers\database-commons\1.15.3\database-commons-1.15.3.jar;C:\Users\artio\.m2\repository\org\testcontainers\testcontainers\1.15.3\testcontainers-1.15.3.jar;C:\Users\artio\.m2\repository\org\apache\commons\commons-compress\1.21\commons-compress-1.21.jar;C:\Users\artio\.m2\repository\org\rnorth\duct-tape\duct-tape\1.0.8\duct-tape-1.0.8.jar;C:\Users\artio\.m2\repository\org\rnorth\visible-assertions\visible-assertions\2.1.2\visible-assertions-2.1.2.jar;C:\Users\artio\.m2\repository\net\java\dev\jna\jna\5.8.0\jna-5.8.0.jar;C:\Users\artio\.m2\repository\com\github\docker-java\docker-java-api\3.2.8\docker-java-api-3.2.8.jar;C:\Users\artio\.m2\repository\com\github\docker-java\docker-java-transport-zerodep\3.2.8\docker-java-transport-zerodep-3.2.8.jar;C:\Users\artio\.m2\repository\com\github\docker-java\docker-java-transport\3.2.8\docker-java-transport-3.2.8.jar;C:\Users\artio\.m2\repository\com\github\database-rider\rider-cdi\1.31.0\rider-cdi-1.31.0.jar;C:\Users\artio\.m2\repository\com\github\database-rider\rider-core\1.31.0\rider-core-1.31.0.jar;C:\Users\artio\.m2\repository\javax\enterprise\cdi-api\1.2\cdi-api-1.2.jar;C:\Users\artio\.m2\repository\javax\el\javax.el-api\3.0.0\javax.el-api-3.0.0.jar;C:\Users\artio\.m2\repository\javax\interceptor\javax.interceptor-api\1.2\javax.interceptor-api-1.2.jar;C:\Users\artio\.m2\repository\javax\inject\javax.inject\1\javax.inject-1.jar;C:\Users\artio\.m2\repository\org\dbunit\dbunit\2.7.0\dbunit-2.7.0.jar;C:\Users\artio\.m2\repository\junit\junit\4.13.1\junit-4.13.1.jar;C:\Users\artio\.m2\repository\org\hamcrest\hamcrest-core\1.3\hamcrest-core-1.3.jar;C:\Users\artio\.m2\repository\commons-collections\commons-collections\3.2.2\commons-collections-3.2.2.jar;C:\Users\artio\.m2\repository\org\apache\poi\poi-ooxml\3.17\poi-ooxml-3.17.jar;C:\Users\artio\.m2\repository\org\apache\poi\poi\3.17\poi-3.17.jar;C:\Users\artio\.m2\repository\org\apache\commons\commons-collections4\4.1\commons-collections4-4.1.jar;C:\Users\artio\.m2\repository\org\apache\poi\poi-ooxml-schemas\3.17\poi-ooxml-schemas-3.17.jar;C:\Users\artio\.m2\repository\org\apache\xmlbeans\xmlbeans\2.6.0\xmlbeans-2.6.0.jar;C:\Users\artio\.m2\repository\com\github\virtuald\curvesapi\1.04\curvesapi-1.04.jar;C:\Users\artio\.m2\repository\org\postgresql\postgresql\42.2.23\postgresql-42.2.23.jar;C:\Users\artio\.m2\repository\org\yaml\snakeyaml\1.29\snakeyaml-1.29.jar;C:\Users\artio\.m2\repository\org\codehaus\jackson\jackson-mapper-lgpl\1.9.13\jackson-mapper-lgpl-1.9.13.jar;C:\Users\artio\.m2\repository\org\codehaus\jackson\jackson-core-lgpl\1.9.13\jackson-core-lgpl-1.9.13.jar;C:\Users\artio\.m2\repository\stax\stax\1.2.0\stax-1.2.0.jar;C:\Users\artio\.m2\repository\stax\stax-api\1.0.1\stax-api-1.0.1.jar;"/>
    <property name="java.vm.vendor" value="Amazon.com Inc."/>
    <property name="sun.arch.data.model" value="64"/>
    <property name="user.variant" value=""/>
    <property name="java.vendor.url" value="https://aws.amazon.com/corretto/"/>
    <property name="user.timezone" value="America/Sao_Paulo"/>
    <property name="os.name" value="Windows 10"/>
    <property name="java.vm.specification.version" value="11"/>
    <property name="sun.java.launcher" value="SUN_STANDARD"/>
    <property name="user.country" value="US"/>
    <property name="mp.openapi.extensions.smallrye.defaultProduces" value="application/json"/>
    <property name="sun.boot.library.path" value="C:\Program Files\Amazon Corretto\jdk11.0.12_7\bin"/>
    <property name="sun.java.command" value="C:\Users\artio\AppData\Local\Temp\surefire1541451280553608593\surefirebooter11092094706470354586.jar C:\Users\artio\AppData\Local\Temp\surefire1541451280553608593 2021-09-25T21-33-20_575-jvmRun1 surefire8182433945732152636tmp surefire_0352296399530148932tmp"/>
    <property name="jdk.debug" value="release"/>
    <property name="maven.home" value="C:\Users\artio\.m2\wrapper\dists\apache-maven-3.8.1-bin\2l5mhf2pq2clrde7f7qp1rdt5m\apache-maven-3.8.1"/>
    <property name="surefire.test.class.path" value="C:\Users\artio\Documents\Develop\Java\quarkus\meu-primeiro-crud\target\test-classes;C:\Users\artio\Documents\Develop\Java\quarkus\meu-primeiro-crud\target\classes;C:\Users\artio\.m2\repository\io\quarkus\quarkus-arc\2.2.3.Final\quarkus-arc-2.2.3.Final.jar;C:\Users\artio\.m2\repository\io\quarkus\arc\arc\2.2.3.Final\arc-2.2.3.Final.jar;C:\Users\artio\.m2\repository\jakarta\enterprise\jakarta.enterprise.cdi-api\2.0.2\jakarta.enterprise.cdi-api-2.0.2.jar;C:\Users\artio\.m2\repository\jakarta\el\jakarta.el-api\3.0.3\jakarta.el-api-3.0.3.jar;C:\Users\artio\.m2\repository\jakarta\interceptor\jakarta.interceptor-api\1.2.5\jakarta.interceptor-api-1.2.5.jar;C:\Users\artio\.m2\repository\jakarta\annotation\jakarta.annotation-api\1.3.5\jakarta.annotation-api-1.3.5.jar;C:\Users\artio\.m2\repository\jakarta\transaction\jakarta.transaction-api\1.3.3\jakarta.transaction-api-1.3.3.jar;C:\Users\artio\.m2\repository\org\jboss\logging\jboss-logging\3.4.2.Final\jboss-logging-3.4.2.Final.jar;C:\Users\artio\.m2\repository\io\quarkus\quarkus-core\2.2.3.Final\quarkus-core-2.2.3.Final.jar;C:\Users\artio\.m2\repository\jakarta\inject\jakarta.inject-api\1.0\jakarta.inject-api-1.0.jar;C:\Users\artio\.m2\repository\io\quarkus\quarkus-ide-launcher\2.2.3.Final\quarkus-ide-launcher-2.2.3.Final.jar;C:\Users\artio\.m2\repository\io\quarkus\quarkus-development-mode-spi\2.2.3.Final\quarkus-development-mode-spi-2.2.3.Final.jar;C:\Users\artio\.m2\repository\io\smallrye\config\smallrye-config\2.4.4\smallrye-config-2.4.4.jar;C:\Users\artio\.m2\repository\io\smallrye\config\smallrye-config-core\2.4.4\smallrye-config-core-2.4.4.jar;C:\Users\artio\.m2\repository\io\smallrye\common\smallrye-common-annotation\1.6.0\smallrye-common-annotation-1.6.0.jar;C:\Users\artio\.m2\repository\io\smallrye\common\smallrye-common-expression\1.6.0\smallrye-common-expression-1.6.0.jar;C:\Users\artio\.m2\repository\io\smallrye\common\smallrye-common-function\1.6.0\smallrye-common-function-1.6.0.jar;C:\Users\artio\.m2\repository\io\smallrye\common\smallrye-common-constraint\1.6.0\smallrye-common-constraint-1.6.0.jar;C:\Users\artio\.m2\repository\io\smallrye\common\smallrye-common-classloader\1.6.0\smallrye-common-classloader-1.6.0.jar;C:\Users\artio\.m2\repository\io\smallrye\config\smallrye-config-common\2.4.4\smallrye-config-common-2.4.4.jar;C:\Users\artio\.m2\repository\org\jboss\logmanager\jboss-logmanager-embedded\1.0.9\jboss-logmanager-embedded-1.0.9.jar;C:\Users\artio\.m2\repository\org\jboss\logging\jboss-logging-annotations\2.2.1.Final\jboss-logging-annotations-2.2.1.Final.jar;C:\Users\artio\.m2\repository\org\jboss\threads\jboss-threads\3.4.2.Final\jboss-threads-3.4.2.Final.jar;C:\Users\artio\.m2\repository\org\slf4j\slf4j-api\1.7.30\slf4j-api-1.7.30.jar;C:\Users\artio\.m2\repository\org\jboss\slf4j\slf4j-jboss-logmanager\1.1.0.Final\slf4j-jboss-logmanager-1.1.0.Final.jar;C:\Users\artio\.m2\repository\org\graalvm\sdk\graal-sdk\21.2.0\graal-sdk-21.2.0.jar;C:\Users\artio\.m2\repository\org\wildfly\common\wildfly-common\1.5.4.Final-format-001\wildfly-common-1.5.4.Final-format-001.jar;C:\Users\artio\.m2\repository\io\quarkus\quarkus-bootstrap-runner\2.2.3.Final\quarkus-bootstrap-runner-2.2.3.Final.jar;C:\Users\artio\.m2\repository\org\eclipse\microprofile\context-propagation\microprofile-context-propagation-api\1.2\microprofile-context-propagation-api-1.2.jar;C:\Users\artio\.m2\repository\io\quarkus\quarkus-resteasy\2.2.3.Final\quarkus-resteasy-2.2.3.Final.jar;C:\Users\artio\.m2\repository\io\quarkus\quarkus-vertx-http\2.2.3.Final\quarkus-vertx-http-2.2.3.Final.jar;C:\Users\artio\.m2\repository\io\quarkus\quarkus-security-runtime-spi\2.2.3.Final\quarkus-security-runtime-spi-2.2.3.Final.jar;C:\Users\artio\.m2\repository\io\quarkus\quarkus-mutiny\2.2.3.Final\quarkus-mutiny-2.2.3.Final.jar;C:\Users\artio\.m2\repository\io\smallrye\reactive\mutiny\1.0.0\mutiny-1.0.0.jar;C:\Users\artio\.m2\repository\org\reactivestreams\reactive-streams\1.0.3\reactive-streams-1.0.3.jar;C:\Users\artio\.m2\repository\io\quarkus\quarkus-smallrye-context-propagation\2.2.3.Final\quarkus-smallrye-context-propagation-2.2.3.Final.jar;C:\Users\artio\.m2\repository\io\smallrye\smallrye-context-propagation\1.2.0\smallrye-context-propagation-1.2.0.jar;C:\Users\artio\.m2\repository\io\smallrye\smallrye-context-propagation-api\1.2.0\smallrye-context-propagation-api-1.2.0.jar;C:\Users\artio\.m2\repository\io\smallrye\smallrye-context-propagation-storage\1.2.0\smallrye-context-propagation-storage-1.2.0.jar;C:\Users\artio\.m2\repository\io\smallrye\reactive\mutiny-smallrye-context-propagation\1.0.0\mutiny-smallrye-context-propagation-1.0.0.jar;C:\Users\artio\.m2\repository\io\quarkus\quarkus-vertx-http-dev-console-runtime-spi\2.2.3.Final\quarkus-vertx-http-dev-console-runtime-spi-2.2.3.Final.jar;C:\Users\artio\.m2\repository\io\quarkus\security\quarkus-security\1.1.4.Final\quarkus-security-1.1.4.Final.jar;C:\Users\artio\.m2\repository\io\quarkus\quarkus-vertx-core\2.2.3.Final\quarkus-vertx-core-2.2.3.Final.jar;C:\Users\artio\.m2\repository\io\quarkus\quarkus-netty\2.2.3.Final\quarkus-netty-2.2.3.Final.jar;C:\Users\artio\.m2\repository\io\netty\netty-codec\4.1.67.Final\netty-codec-4.1.67.Final.jar;C:\Users\artio\.m2\repository\io\netty\netty-codec-http\4.1.67.Final\netty-codec-http-4.1.67.Final.jar;C:\Users\artio\.m2\repository\io\netty\netty-codec-http2\4.1.67.Final\netty-codec-http2-4.1.67.Final.jar;C:\Users\artio\.m2\repository\io\netty\netty-handler\4.1.67.Final\netty-handler-4.1.67.Final.jar;C:\Users\artio\.m2\repository\io\netty\netty-codec-haproxy\4.1.67.Final\netty-codec-haproxy-4.1.67.Final.jar;C:\Users\artio\.m2\repository\io\netty\netty-buffer\4.1.67.Final\netty-buffer-4.1.67.Final.jar;C:\Users\artio\.m2\repository\io\netty\netty-transport\4.1.67.Final\netty-transport-4.1.67.Final.jar;C:\Users\artio\.m2\repository\io\vertx\vertx-core\4.1.3\vertx-core-4.1.3.jar;C:\Users\artio\.m2\repository\io\netty\netty-common\4.1.67.Final\netty-common-4.1.67.Final.jar;C:\Users\artio\.m2\repository\io\netty\netty-handler-proxy\4.1.67.Final\netty-handler-proxy-4.1.67.Final.jar;C:\Users\artio\.m2\repository\io\netty\netty-codec-socks\4.1.67.Final\netty-codec-socks-4.1.67.Final.jar;C:\Users\artio\.m2\repository\io\netty\netty-resolver\4.1.67.Final\netty-resolver-4.1.67.Final.jar;C:\Users\artio\.m2\repository\io\netty\netty-resolver-dns\4.1.67.Final\netty-resolver-dns-4.1.67.Final.jar;C:\Users\artio\.m2\repository\io\netty\netty-codec-dns\4.1.67.Final\netty-codec-dns-4.1.67.Final.jar;C:\Users\artio\.m2\repository\io\vertx\vertx-web\4.1.3\vertx-web-4.1.3.jar;C:\Users\artio\.m2\repository\io\vertx\vertx-web-common\4.1.3\vertx-web-common-4.1.3.jar;C:\Users\artio\.m2\repository\io\vertx\vertx-auth-common\4.1.3\vertx-auth-common-4.1.3.jar;C:\Users\artio\.m2\repository\io\vertx\vertx-bridge-common\4.1.3\vertx-bridge-common-4.1.3.jar;C:\Users\artio\.m2\repository\io\quarkus\quarkus-resteasy-server-common\2.2.3.Final\quarkus-resteasy-server-common-2.2.3.Final.jar;C:\Users\artio\.m2\repository\io\quarkus\quarkus-resteasy-common\2.2.3.Final\quarkus-resteasy-common-2.2.3.Final.jar;C:\Users\artio\.m2\repository\org\jboss\resteasy\resteasy-core\4.7.0.Final\resteasy-core-4.7.0.Final.jar;C:\Users\artio\.m2\repository\org\jboss\spec\javax\ws\rs\jboss-jaxrs-api_2.1_spec\2.0.1.Final\jboss-jaxrs-api_2.1_spec-2.0.1.Final.jar;C:\Users\artio\.m2\repository\org\jboss\resteasy\resteasy-core-spi\4.7.0.Final\resteasy-core-spi-4.7.0.Final.jar;C:\Users\artio\.m2\repository\com\ibm\async\asyncutil\0.1.0\asyncutil-0.1.0.jar;C:\Users\artio\.m2\repository\com\sun\activation\jakarta.activation\1.2.1\jakarta.activation-1.2.1.jar;C:\Users\artio\.m2\repository\jakarta\validation\jakarta.validation-api\2.0.2\jakarta.validation-api-2.0.2.jar;C:\Users\artio\.m2\repository\io\quarkus\quarkus-smallrye-openapi\2.2.3.Final\quarkus-smallrye-openapi-2.2.3.Final.jar;C:\Users\artio\.m2\repository\io\smallrye\smallrye-open-api-core\2.1.10\smallrye-open-api-core-2.1.10.jar;C:\Users\artio\.m2\repository\org\eclipse\microprofile\openapi\microprofile-openapi-api\2.0.1-RC1\microprofile-openapi-api-2.0.1-RC1.jar;C:\Users\artio\.m2\repository\org\eclipse\microprofile\config\microprofile-config-api\2.0\microprofile-config-api-2.0.jar;C:\Users\artio\.m2\repository\com\fasterxml\jackson\core\jackson-core\2.12.4\jackson-core-2.12.4.jar;C:\Users\artio\.m2\repository\com\fasterxml\jackson\core\jackson-databind\2.12.4\jackson-databind-2.12.4.jar;C:\Users\artio\.m2\repository\com\fasterxml\jackson\core\jackson-annotations\2.12.4\jackson-annotations-2.12.4.jar;C:\Users\artio\.m2\repository\com\fasterxml\jackson\dataformat\jackson-dataformat-yaml\2.12.4\jackson-dataformat-yaml-2.12.4.jar;C:\Users\artio\.m2\repository\org\jboss\jandex\2.3.1.Final\jandex-2.3.1.Final.jar;C:\Users\artio\.m2\repository\io\quarkus\quarkus-swagger-ui\2.2.3.Final\quarkus-swagger-ui-2.2.3.Final.jar;C:\Users\artio\.m2\repository\io\quarkus\quarkus-hibernate-orm-panache\2.2.3.Final\quarkus-hibernate-orm-panache-2.2.3.Final.jar;C:\Users\artio\.m2\repository\io\quarkus\quarkus-hibernate-orm\2.2.3.Final\quarkus-hibernate-orm-2.2.3.Final.jar;C:\Users\artio\.m2\repository\io\quarkus\quarkus-agroal\2.2.3.Final\quarkus-agroal-2.2.3.Final.jar;C:\Users\artio\.m2\repository\io\quarkus\quarkus-datasource\2.2.3.Final\quarkus-datasource-2.2.3.Final.jar;C:\Users\artio\.m2\repository\io\quarkus\quarkus-datasource-common\2.2.3.Final\quarkus-datasource-common-2.2.3.Final.jar;C:\Users\artio\.m2\repository\org\jboss\narayana\jta\narayana-jta\5.12.0.Final\narayana-jta-5.12.0.Final.jar;C:\Users\artio\.m2\repository\org\jboss\jboss-transaction-spi\7.6.0.Final\jboss-transaction-spi-7.6.0.Final.jar;C:\Users\artio\.m2\repository\org\jboss\spec\javax\resource\jboss-connector-api_1.7_spec\1.0.0.Final\jboss-connector-api_1.7_spec-1.0.0.Final.jar;C:\Users\artio\.m2\repository\org\jboss\narayana\jts\narayana-jts-integration\5.12.0.Final\narayana-jts-integration-5.12.0.Final.jar;C:\Users\artio\.m2\repository\io\agroal\agroal-api\1.12\agroal-api-1.12.jar;C:\Users\artio\.m2\repository\io\agroal\agroal-narayana\1.12\agroal-narayana-1.12.jar;C:\Users\artio\.m2\repository\io\agroal\agroal-pool\1.12\agroal-pool-1.12.jar;C:\Users\artio\.m2\repository\io\quarkus\quarkus-credentials\2.2.3.Final\quarkus-credentials-2.2.3.Final.jar;C:\Users\artio\.m2\repository\io\quarkus\quarkus-narayana-jta\2.2.3.Final\quarkus-narayana-jta-2.2.3.Final.jar;C:\Users\artio\.m2\repository\io\smallrye\smallrye-context-propagation-jta\1.2.0\smallrye-context-propagation-jta-1.2.0.jar;C:\Users\artio\.m2\repository\io\smallrye\reactive\smallrye-reactive-converter-api\2.6.0\smallrye-reactive-converter-api-2.6.0.jar;C:\Users\artio\.m2\repository\io\smallrye\reactive\smallrye-reactive-converter-mutiny\2.6.0\smallrye-reactive-converter-mutiny-2.6.0.jar;C:\Users\artio\.m2\repository\org\hibernate\hibernate-core\5.5.7.Final\hibernate-core-5.5.7.Final.jar;C:\Users\artio\.m2\repository\net\bytebuddy\byte-buddy\1.11.12\byte-buddy-1.11.12.jar;C:\Users\artio\.m2\repository\antlr\antlr\2.7.7\antlr-2.7.7.jar;C:\Users\artio\.m2\repository\com\fasterxml\classmate\1.5.1\classmate-1.5.1.jar;C:\Users\artio\.m2\repository\org\hibernate\common\hibernate-commons-annotations\5.1.2.Final\hibernate-commons-annotations-5.1.2.Final.jar;C:\Users\artio\.m2\repository\org\hibernate\hibernate-graalvm\5.5.7.Final\hibernate-graalvm-5.5.7.Final.jar;C:\Users\artio\.m2\repository\org\glassfish\jaxb\jaxb-runtime\2.3.3-b02\jaxb-runtime-2.3.3-b02.jar;C:\Users\artio\.m2\repository\org\glassfish\jaxb\txw2\2.3.3-b02\txw2-2.3.3-b02.jar;C:\Users\artio\.m2\repository\com\sun\istack\istack-commons-runtime\3.0.10\istack-commons-runtime-3.0.10.jar;C:\Users\artio\.m2\repository\org\jboss\spec\javax\xml\bind\jboss-jaxb-api_2.3_spec\2.0.0.Final\jboss-jaxb-api_2.3_spec-2.0.0.Final.jar;C:\Users\artio\.m2\repository\jakarta\persistence\jakarta.persistence-api\2.2.3\jakarta.persistence-api-2.2.3.jar;C:\Users\artio\.m2\repository\org\hibernate\quarkus-local-cache\0.1.0\quarkus-local-cache-0.1.0.jar;C:\Users\artio\.m2\repository\com\github\ben-manes\caffeine\caffeine\2.9.2\caffeine-2.9.2.jar;C:\Users\artio\.m2\repository\com\google\errorprone\error_prone_annotations\2.2.0\error_prone_annotations-2.2.0.jar;C:\Users\artio\.m2\repository\io\quarkus\quarkus-caffeine\2.2.3.Final\quarkus-caffeine-2.2.3.Final.jar;C:\Users\artio\.m2\repository\io\quarkus\quarkus-hibernate-orm-panache-common\2.2.3.Final\quarkus-hibernate-orm-panache-common-2.2.3.Final.jar;C:\Users\artio\.m2\repository\io\quarkus\quarkus-panache-hibernate-common\2.2.3.Final\quarkus-panache-hibernate-common-2.2.3.Final.jar;C:\Users\artio\.m2\repository\io\quarkus\quarkus-panache-common\2.2.3.Final\quarkus-panache-common-2.2.3.Final.jar;C:\Users\artio\.m2\repository\io\quarkus\quarkus-jdbc-mysql\2.2.3.Final\quarkus-jdbc-mysql-2.2.3.Final.jar;C:\Users\artio\.m2\repository\mysql\mysql-connector-java\8.0.26\mysql-connector-java-8.0.26.jar;C:\Users\artio\.m2\repository\io\quarkus\quarkus-resteasy-jsonb\2.2.3.Final\quarkus-resteasy-jsonb-2.2.3.Final.jar;C:\Users\artio\.m2\repository\io\quarkus\quarkus-jsonb\2.2.3.Final\quarkus-jsonb-2.2.3.Final.jar;C:\Users\artio\.m2\repository\org\eclipse\yasson\1.0.9\yasson-1.0.9.jar;C:\Users\artio\.m2\repository\io\quarkus\quarkus-jsonp\2.2.3.Final\quarkus-jsonp-2.2.3.Final.jar;C:\Users\artio\.m2\repository\org\jboss\resteasy\resteasy-json-binding-provider\4.7.0.Final\resteasy-json-binding-provider-4.7.0.Final.jar;C:\Users\artio\.m2\repository\org\glassfish\jakarta.json\1.1.6\jakarta.json-1.1.6.jar;C:\Users\artio\.m2\repository\jakarta\json\bind\jakarta.json.bind-api\1.0.2\jakarta.json.bind-api-1.0.2.jar;C:\Users\artio\.m2\repository\org\jboss\resteasy\resteasy-json-p-provider\4.7.0.Final\resteasy-json-p-provider-4.7.0.Final.jar;C:\Users\artio\.m2\repository\commons-io\commons-io\2.11.0\commons-io-2.11.0.jar;C:\Users\artio\.m2\repository\io\quarkus\quarkus-junit5\2.2.3.Final\quarkus-junit5-2.2.3.Final.jar;C:\Users\artio\.m2\repository\io\quarkus\quarkus-bootstrap-core\2.2.3.Final\quarkus-bootstrap-core-2.2.3.Final.jar;C:\Users\artio\.m2\repository\io\quarkus\quarkus-bootstrap-app-model\2.2.3.Final\quarkus-bootstrap-app-model-2.2.3.Final.jar;C:\Users\artio\.m2\repository\io\quarkus\quarkus-bootstrap-maven-resolver\2.2.3.Final\quarkus-bootstrap-maven-resolver-2.2.3.Final.jar;C:\Users\artio\.m2\repository\org\apache\maven\maven-embedder\3.8.1\maven-embedder-3.8.1.jar;C:\Users\artio\.m2\repository\org\apache\maven\maven-settings\3.8.1\maven-settings-3.8.1.jar;C:\Users\artio\.m2\repository\org\apache\maven\maven-core\3.8.1\maven-core-3.8.1.jar;C:\Users\artio\.m2\repository\org\apache\maven\maven-artifact\3.8.1\maven-artifact-3.8.1.jar;C:\Users\artio\.m2\repository\org\codehaus\plexus\plexus-component-annotations\2.1.0\plexus-component-annotations-2.1.0.jar;C:\Users\artio\.m2\repository\org\apache\maven\maven-plugin-api\3.8.1\maven-plugin-api-3.8.1.jar;C:\Users\artio\.m2\repository\org\apache\maven\maven-model\3.8.1\maven-model-3.8.1.jar;C:\Users\artio\.m2\repository\org\apache\maven\maven-model-builder\3.8.1\maven-model-builder-3.8.1.jar;C:\Users\artio\.m2\repository\org\apache\maven\maven-builder-support\3.8.1\maven-builder-support-3.8.1.jar;C:\Users\artio\.m2\repository\org\apache\maven\resolver\maven-resolver-api\1.6.2\maven-resolver-api-1.6.2.jar;C:\Users\artio\.m2\repository\org\apache\maven\resolver\maven-resolver-util\1.6.2\maven-resolver-util-1.6.2.jar;C:\Users\artio\.m2\repository\org\apache\maven\shared\maven-shared-utils\3.3.3\maven-shared-utils-3.3.3.jar;C:\Users\artio\.m2\repository\com\google\inject\guice\4.2.1\guice-4.2.1-no_aop.jar;C:\Users\artio\.m2\repository\com\google\guava\guava\30.1.1-jre\guava-30.1.1-jre.jar;C:\Users\artio\.m2\repository\com\google\guava\failureaccess\1.0.1\failureaccess-1.0.1.jar;C:\Users\artio\.m2\repository\com\google\guava\listenablefuture\9999.0-empty-to-avoid-conflict-with-guava\listenablefuture-9999.0-empty-to-avoid-conflict-with-guava.jar;C:\Users\artio\.m2\repository\org\codehaus\plexus\plexus-utils\3.2.1\plexus-utils-3.2.1.jar;C:\Users\artio\.m2\repository\org\codehaus\plexus\plexus-classworlds\2.6.0\plexus-classworlds-2.6.0.jar;C:\Users\artio\.m2\repository\commons-cli\commons-cli\1.4\commons-cli-1.4.jar;C:\Users\artio\.m2\repository\org\eclipse\sisu\org.eclipse.sisu.plexus\0.3.4\org.eclipse.sisu.plexus-0.3.4.jar;C:\Users\artio\.m2\repository\org\apache\maven\maven-settings-builder\3.8.1\maven-settings-builder-3.8.1.jar;C:\Users\artio\.m2\repository\org\codehaus\plexus\plexus-interpolation\1.25\plexus-interpolation-1.25.jar;C:\Users\artio\.m2\repository\org\sonatype\plexus\plexus-sec-dispatcher\1.4\plexus-sec-dispatcher-1.4.jar;C:\Users\artio\.m2\repository\org\sonatype\plexus\plexus-cipher\1.4\plexus-cipher-1.4.jar;C:\Users\artio\.m2\repository\org\apache\maven\maven-resolver-provider\3.8.1\maven-resolver-provider-3.8.1.jar;C:\Users\artio\.m2\repository\org\apache\maven\maven-repository-metadata\3.8.1\maven-repository-metadata-3.8.1.jar;C:\Users\artio\.m2\repository\org\apache\maven\resolver\maven-resolver-spi\1.6.2\maven-resolver-spi-1.6.2.jar;C:\Users\artio\.m2\repository\org\apache\maven\resolver\maven-resolver-impl\1.6.2\maven-resolver-impl-1.6.2.jar;C:\Users\artio\.m2\repository\org\apache\maven\resolver\maven-resolver-connector-basic\1.6.2\maven-resolver-connector-basic-1.6.2.jar;C:\Users\artio\.m2\repository\org\apache\maven\resolver\maven-resolver-transport-wagon\1.6.2\maven-resolver-transport-wagon-1.6.2.jar;C:\Users\artio\.m2\repository\org\apache\maven\wagon\wagon-http\3.4.3\wagon-http-3.4.3.jar;C:\Users\artio\.m2\repository\org\apache\maven\wagon\wagon-http-shared\3.4.3\wagon-http-shared-3.4.3.jar;C:\Users\artio\.m2\repository\org\jsoup\jsoup\1.12.1\jsoup-1.12.1.jar;C:\Users\artio\.m2\repository\org\apache\maven\wagon\wagon-provider-api\3.4.3\wagon-provider-api-3.4.3.jar;C:\Users\artio\.m2\repository\org\apache\maven\wagon\wagon-file\3.4.3\wagon-file-3.4.3.jar;C:\Users\artio\.m2\repository\io\quarkus\quarkus-bootstrap-gradle-resolver\2.2.3.Final\quarkus-bootstrap-gradle-resolver-2.2.3.Final.jar;C:\Users\artio\.m2\repository\io\smallrye\common\smallrye-common-io\1.6.0\smallrye-common-io-1.6.0.jar;C:\Users\artio\.m2\repository\org\eclipse\sisu\org.eclipse.sisu.inject\0.3.4\org.eclipse.sisu.inject-0.3.4.jar;C:\Users\artio\.m2\repository\io\quarkus\quarkus-test-common\2.2.3.Final\quarkus-test-common-2.2.3.Final.jar;C:\Users\artio\.m2\repository\io\quarkus\quarkus-core-deployment\2.2.3.Final\quarkus-core-deployment-2.2.3.Final.jar;C:\Users\artio\.m2\repository\org\aesh\readline\2.1\readline-2.1.jar;C:\Users\artio\.m2\repository\org\fusesource\jansi\jansi\1.18\jansi-1.18.jar;C:\Users\artio\.m2\repository\io\quarkus\gizmo\gizmo\1.0.9.Final\gizmo-1.0.9.Final.jar;C:\Users\artio\.m2\repository\org\ow2\asm\asm-util\9.1\asm-util-9.1.jar;C:\Users\artio\.m2\repository\org\ow2\asm\asm-tree\9.1\asm-tree-9.1.jar;C:\Users\artio\.m2\repository\org\ow2\asm\asm-analysis\9.1\asm-analysis-9.1.jar;C:\Users\artio\.m2\repository\org\ow2\asm\asm\9.1\asm-9.1.jar;C:\Users\artio\.m2\repository\io\quarkus\quarkus-class-change-agent\2.2.3.Final\quarkus-class-change-agent-2.2.3.Final.jar;C:\Users\artio\.m2\repository\io\quarkus\quarkus-devtools-utilities\2.2.3.Final\quarkus-devtools-utilities-2.2.3.Final.jar;C:\Users\artio\.m2\repository\io\quarkus\quarkus-builder\2.2.3.Final\quarkus-builder-2.2.3.Final.jar;C:\Users\artio\.m2\repository\org\junit\platform\junit-platform-launcher\1.7.2\junit-platform-launcher-1.7.2.jar;C:\Users\artio\.m2\repository\io\quarkus\quarkus-jsonp-deployment\2.2.3.Final\quarkus-jsonp-deployment-2.2.3.Final.jar;C:\Users\artio\.m2\repository\org\jboss\logging\commons-logging-jboss-logging\1.0.0.Final\commons-logging-jboss-logging-1.0.0.Final.jar;C:\Users\artio\.m2\repository\org\junit\jupiter\junit-jupiter\5.7.2\junit-jupiter-5.7.2.jar;C:\Users\artio\.m2\repository\org\junit\jupiter\junit-jupiter-api\5.7.2\junit-jupiter-api-5.7.2.jar;C:\Users\artio\.m2\repository\org\apiguardian\apiguardian-api\1.1.0\apiguardian-api-1.1.0.jar;C:\Users\artio\.m2\repository\org\opentest4j\opentest4j\1.2.0\opentest4j-1.2.0.jar;C:\Users\artio\.m2\repository\org\junit\platform\junit-platform-commons\1.7.2\junit-platform-commons-1.7.2.jar;C:\Users\artio\.m2\repository\org\junit\jupiter\junit-jupiter-params\5.7.2\junit-jupiter-params-5.7.2.jar;C:\Users\artio\.m2\repository\org\junit\jupiter\junit-jupiter-engine\5.7.2\junit-jupiter-engine-5.7.2.jar;C:\Users\artio\.m2\repository\org\junit\platform\junit-platform-engine\1.7.2\junit-platform-engine-1.7.2.jar;C:\Users\artio\.m2\repository\com\thoughtworks\xstream\xstream\1.4.17\xstream-1.4.17.jar;C:\Users\artio\.m2\repository\io\github\x-stream\mxparser\1.2.1\mxparser-1.2.1.jar;C:\Users\artio\.m2\repository\xmlpull\xmlpull\1.1.3.1\xmlpull-1.1.3.1.jar;C:\Users\artio\.m2\repository\io\rest-assured\rest-assured\4.4.0\rest-assured-4.4.0.jar;C:\Users\artio\.m2\repository\org\codehaus\groovy\groovy\3.0.8\groovy-3.0.8.jar;C:\Users\artio\.m2\repository\org\codehaus\groovy\groovy-xml\3.0.8\groovy-xml-3.0.8.jar;C:\Users\artio\.m2\repository\org\apache\httpcomponents\httpclient\4.5.13\httpclient-4.5.13.jar;C:\Users\artio\.m2\repository\org\apache\httpcomponents\httpcore\4.4.14\httpcore-4.4.14.jar;C:\Users\artio\.m2\repository\commons-codec\commons-codec\1.15\commons-codec-1.15.jar;C:\Users\artio\.m2\repository\org\apache\httpcomponents\httpmime\4.5.13\httpmime-4.5.13.jar;C:\Users\artio\.m2\repository\org\hamcrest\hamcrest\2.1\hamcrest-2.1.jar;C:\Users\artio\.m2\repository\org\ccil\cowan\tagsoup\tagsoup\1.2.1\tagsoup-1.2.1.jar;C:\Users\artio\.m2\repository\io\rest-assured\json-path\4.4.0\json-path-4.4.0.jar;C:\Users\artio\.m2\repository\org\codehaus\groovy\groovy-json\3.0.8\groovy-json-3.0.8.jar;C:\Users\artio\.m2\repository\io\rest-assured\rest-assured-common\4.4.0\rest-assured-common-4.4.0.jar;C:\Users\artio\.m2\repository\io\rest-assured\xml-path\4.4.0\xml-path-4.4.0.jar;C:\Users\artio\.m2\repository\org\apache\commons\commons-lang3\3.12.0\commons-lang3-3.12.0.jar;C:\Users\artio\.m2\repository\jakarta\xml\bind\jakarta.xml.bind-api\2.3.3\jakarta.xml.bind-api-2.3.3.jar;C:\Users\artio\.m2\repository\com\sun\xml\bind\jaxb-impl\2.3.3\jaxb-impl-2.3.3.jar;C:\Users\artio\.m2\repository\org\testcontainers\mysql\1.16.0\mysql-1.16.0.jar;C:\Users\artio\.m2\repository\org\testcontainers\jdbc\1.15.3\jdbc-1.15.3.jar;C:\Users\artio\.m2\repository\org\testcontainers\database-commons\1.15.3\database-commons-1.15.3.jar;C:\Users\artio\.m2\repository\org\testcontainers\testcontainers\1.15.3\testcontainers-1.15.3.jar;C:\Users\artio\.m2\repository\org\apache\commons\commons-compress\1.21\commons-compress-1.21.jar;C:\Users\artio\.m2\repository\org\rnorth\duct-tape\duct-tape\1.0.8\duct-tape-1.0.8.jar;C:\Users\artio\.m2\repository\org\rnorth\visible-assertions\visible-assertions\2.1.2\visible-assertions-2.1.2.jar;C:\Users\artio\.m2\repository\net\java\dev\jna\jna\5.8.0\jna-5.8.0.jar;C:\Users\artio\.m2\repository\com\github\docker-java\docker-java-api\3.2.8\docker-java-api-3.2.8.jar;C:\Users\artio\.m2\repository\com\github\docker-java\docker-java-transport-zerodep\3.2.8\docker-java-transport-zerodep-3.2.8.jar;C:\Users\artio\.m2\repository\com\github\docker-java\docker-java-transport\3.2.8\docker-java-transport-3.2.8.jar;C:\Users\artio\.m2\repository\com\github\database-rider\rider-cdi\1.31.0\rider-cdi-1.31.0.jar;C:\Users\artio\.m2\repository\com\github\database-rider\rider-core\1.31.0\rider-core-1.31.0.jar;C:\Users\artio\.m2\repository\javax\enterprise\cdi-api\1.2\cdi-api-1.2.jar;C:\Users\artio\.m2\repository\javax\el\javax.el-api\3.0.0\javax.el-api-3.0.0.jar;C:\Users\artio\.m2\repository\javax\interceptor\javax.interceptor-api\1.2\javax.interceptor-api-1.2.jar;C:\Users\artio\.m2\repository\javax\inject\javax.inject\1\javax.inject-1.jar;C:\Users\artio\.m2\repository\org\dbunit\dbunit\2.7.0\dbunit-2.7.0.jar;C:\Users\artio\.m2\repository\junit\junit\4.13.1\junit-4.13.1.jar;C:\Users\artio\.m2\repository\org\hamcrest\hamcrest-core\1.3\hamcrest-core-1.3.jar;C:\Users\artio\.m2\repository\commons-collections\commons-collections\3.2.2\commons-collections-3.2.2.jar;C:\Users\artio\.m2\repository\org\apache\poi\poi-ooxml\3.17\poi-ooxml-3.17.jar;C:\Users\artio\.m2\repository\org\apache\poi\poi\3.17\poi-3.17.jar;C:\Users\artio\.m2\repository\org\apache\commons\commons-collections4\4.1\commons-collections4-4.1.jar;C:\Users\artio\.m2\repository\org\apache\poi\poi-ooxml-schemas\3.17\poi-ooxml-schemas-3.17.jar;C:\Users\artio\.m2\repository\org\apache\xmlbeans\xmlbeans\2.6.0\xmlbeans-2.6.0.jar;C:\Users\artio\.m2\repository\com\github\virtuald\curvesapi\1.04\curvesapi-1.04.jar;C:\Users\artio\.m2\repository\org\postgresql\postgresql\42.2.23\postgresql-42.2.23.jar;C:\Users\artio\.m2\repository\org\yaml\snakeyaml\1.29\snakeyaml-1.29.jar;C:\Users\artio\.m2\repository\org\codehaus\jackson\jackson-mapper-lgpl\1.9.13\jackson-mapper-lgpl-1.9.13.jar;C:\Users\artio\.m2\repository\org\codehaus\jackson\jackson-core-lgpl\1.9.13\jackson-core-lgpl-1.9.13.jar;C:\Users\artio\.m2\repository\stax\stax\1.2.0\stax-1.2.0.jar;C:\Users\artio\.m2\repository\stax\stax-api\1.0.1\stax-api-1.0.1.jar;"/>
    <property name="sun.cpu.endian" value="little"/>
    <property name="user.home" value="C:\Users\artio"/>
    <property name="user.language" value="en"/>
    <property name="java.specification.vendor" value="Oracle Corporation"/>
    <property name="io.netty.allocator.maxOrder" value="3"/>
    <property name="java.version.date" value="2021-07-20"/>
    <property name="java.home" value="C:\Program Files\Amazon Corretto\jdk11.0.12_7"/>
    <property name="org.testcontainers.shaded.io.netty.packagePrefix" value="org.testcontainers.shaded."/>
    <property name="file.separator" value="\"/>
    <property name="basedir" value="C:\Users\artio\Documents\Develop\Java\quarkus\meu-primeiro-crud"/>
    <property name="java.vm.compressedOopsMode" value="Zero based"/>
    <property name="line.separator" value="&#10;"/>
    <property name="java.specification.name" value="Java Platform API Specification"/>
    <property name="java.vm.specification.vendor" value="Oracle Corporation"/>
    <property name="java.awt.graphicsenv" value="sun.awt.Win32GraphicsEnvironment"/>
    <property name="surefire.real.class.path" value="C:\Users\artio\AppData\Local\Temp\surefire1541451280553608593\surefirebooter11092094706470354586.jar"/>
    <property name="user.script" value=""/>
    <property name="sun.management.compiler" value="HotSpot 64-Bit Tiered Compilers"/>
    <property name="java.runtime.version" value="11.0.12+7-LTS"/>
    <property name="user.name" value="artio"/>
    <property name="com.mysql.cj.disableAbandonedConnectionCleanup" value="true"/>
    <property name="path.separator" value=";"/>
    <property name="os.version" value="10.0"/>
    <property name="java.runtime.name" value="OpenJDK Runtime Environment"/>
    <property name="file.encoding" value="Cp1252"/>
    <property name="sun.nio.ch.bugLevel" value=""/>
    <property name="java.vm.name" value="OpenJDK 64-Bit Server VM"/>
    <property name="java.vendor.version" value="Corretto-11.0.12.7.1"/>
    <property name="localRepository" value="C:\Users\artio\.m2\repository"/>
    <property name="java.vendor.url.bug" value="https://github.com/corretto/corretto-11/issues/"/>
    <property name="java.io.tmpdir" value="C:\Users\artio\AppData\Local\Temp\"/>
    <property name="quarkus.log.file.path" value="target\quarkus.log"/>
    <property name="java.version" value="11.0.12"/>
    <property name="user.dir" value="C:\Users\artio\Documents\Develop\Java\quarkus\meu-primeiro-crud"/>
    <property name="os.arch" value="amd64"/>
    <property name="hibernate.bytecode.provider" value="none"/>
    <property name="java.vm.specification.name" value="Java Virtual Machine Specification"/>
    <property name="vertx.disableDnsResolver" value="true"/>
    <property name="java.awt.printerjob" value="sun.awt.windows.WPrinterJob"/>
    <property name="sun.os.patch.level" value=""/>
    <property name="java.util.logging.manager" value="org.jboss.logmanager.LogManager"/>
    <property name="java.library.path" value="C:\Program Files\Amazon Corretto\jdk11.0.12_7\bin;C:\Windows\Sun\Java\bin;C:\Windows\system32;C:\Windows;C:\cmder\vendor\conemu-maximus5\ConEmu\Scripts;C:\cmder\vendor\conemu-maximus5;C:\cmder\vendor\conemu-maximus5\ConEmu;C:\Program Files (x86)\NVIDIA Corporation\PhysX\Common;C:\Program Files\Amazon Corretto\jdk11.0.12_7\bin;C:\Windows\system32;C:\Windows;C:\Windows\System32\Wbem;C:\Windows\System32\WindowsPowerShell\v1.0\;C:\Windows\System32\OpenSSH\;C:\Program Files\Git\cmd;C:\MinGW\bin;C:\Program Files\nodejs\;C:\Program Files\Docker\Docker\resources\bin;C:\ProgramData\DockerDesktop\version-bin;C:\Program Files\MongoDB\Server\5.0\bin;C:\dev\apache-maven-3.8.2\bin;C:\Program Files\MySQL\MySQL Shell 8.0\bin\;C:\Users\artio\AppData\Local\Microsoft\WindowsApps;C:\Program Files\JetBrains\IntelliJ IDEA 2021.2\bin;C:\Users\artio\AppData\Local\Programs\Microsoft VS Code\bin;C:\MinGW\bin;C:\Users\artio\AppData\Roaming\npm;C:\Users\artio\AppData\Local\GitHubDesktop\bin;C:\Program Files\Git\mingw64\bin;C:\Program Files\Git\usr\bin;C:\cmder\vendor\bin;C:\cmder;."/>
    <property name="java.vm.info" value="mixed mode"/>
    <property name="java.vendor" value="Amazon.com Inc."/>
    <property name="vertx.disableTCCL" value="true"/>
    <property name="java.vm.version" value="11.0.12+7-LTS"/>
    <property name="sun.io.unicode.encoding" value="UnicodeLittle"/>
    <property name="io.netty.machineId" value="6a:35:56:44:6c:37:00:47"/>
    <property name="java.class.version" value="55.0"/>
    <property name="mp.openapi.extensions.smallrye.defaultConsumes" value="application/json"/>
  </properties>
  <testcase name="testUm" classname="br.com.caduartioli.ProdutoTest" time="0.647">
    <system-out><![CDATA[&amp#27;[38;5;145m2021-09-25 21:34:03,194&amp#27;[39m&amp#27;[38;5;188m &amp#27;[39m&amp#27;[38;5;107mINFO &amp#27;[39m&amp#27;[38;5;188m [&amp#27;[39m&amp#27;[38;5;69mcom.git.dat.rid.cor.dat.DataSetExecutorImpl&amp#27;[39m&amp#27;[38;5;188m] (&amp#27;[39m&amp#27;[38;5;71mmain&amp#27;[39m&amp#27;[38;5;188m) &amp#27;[39m&amp#27;[38;5;151mDBUnit configuration for dataset executor 'CDI_DBUNIT_EXECUTOR':cacheConnection: true
cacheTableNames: true
caseInsensitiveStrategy: UPPERCASE
columnSensing: false
leakHunter: false
mergeDataSets: false
mergingStrategy: METHOD
disableSequenceFiltering: false
alwaysCleanBefore: false
alwaysCleanAfter: false
raiseExceptionOnCleanUp: false
disablePKCheckFor: com.github.database.rider.core.configuration.DBUnitConfig@b7b27867
schema: 
tableType: [TABLE]
allowEmptyFields: false
fetchSize: 100
qualifiedTableNames: false
batchSize: 100
batchedStatements: false
caseSensitiveTableNames: false
replacers: [com.github.database.rider.core.replacers.DateTimeReplacer@131c5bd, com.github.database.rider.core.replacers.UnixTimestampReplacer@394331a8, com.github.database.rider.core.replacers.NullReplacer@2627335c]
&amp#27;[39m&amp#27;[38;5;203m&amp#27;[39m&amp#27;[38;5;227m
&amp#27;[39m&amp#27;[38;5;145m2021-09-25 21:34:03,202&amp#27;[39m&amp#27;[38;5;188m &amp#27;[39m&amp#27;[38;5;107mINFO &amp#27;[39m&amp#27;[38;5;188m [&amp#27;[39m&amp#27;[38;5;69morg.dbu.dat.DatabaseConfig&amp#27;[39m&amp#27;[38;5;188m] (&amp#27;[39m&amp#27;[38;5;71mmain&amp#27;[39m&amp#27;[38;5;188m) &amp#27;[39m&amp#27;[38;5;151mThe property ending with 'schema' was not found. Please notify a dbunit developer to add the property to the class org.dbunit.database.DatabaseConfig&amp#27;[39m&amp#27;[38;5;203m&amp#27;[39m&amp#27;[38;5;227m
&amp#27;[39m&amp#27;[38;5;145m2021-09-25 21:34:03,202&amp#27;[39m&amp#27;[38;5;188m &amp#27;[39m&amp#27;[38;5;107mINFO &amp#27;[39m&amp#27;[38;5;188m [&amp#27;[39m&amp#27;[38;5;69morg.dbu.dat.DatabaseConfig&amp#27;[39m&amp#27;[38;5;188m] (&amp#27;[39m&amp#27;[38;5;71mmain&amp#27;[39m&amp#27;[38;5;188m) &amp#27;[39m&amp#27;[38;5;151mThe property ending with 'replacers' was not found. Please notify a dbunit developer to add the property to the class org.dbunit.database.DatabaseConfig&amp#27;[39m&amp#27;[38;5;203m&amp#27;[39m&amp#27;[38;5;227m
&amp#27;[39m]]></system-out>
  </testcase>
</testsuite>